android/app/build/intermediates/manifest_merge_blame_file/debug/manifest-merger-blame-debug-report 2.txt
1<?xml version="1.0" encoding="utf-8"?>
2<manifest xmlns:android="http://schemas.android.com/apk/res/android"
3    package="org.tensorflow.lite.examples.posenet"
4    android:versionCode="1"
5    android:versionName="1.0" >
6
7    <uses-sdk
7-->src/main/AndroidManifest.xml:10:3-15
8        android:minSdkVersion="21"
8-->src/main/AndroidManifest.xml:10:3-15
9        android:targetSdkVersion="23" />
9-->src/main/AndroidManifest.xml:10:3-15
10
11    <uses-permission android:name="android.permission.CAMERA" />
11-->src/main/AndroidManifest.xml:5:3-63
11-->src/main/AndroidManifest.xml:5:20-60
12
13    <uses-feature android:name="android.hardware.camera" />
13-->src/main/AndroidManifest.xml:7:3-58
13-->src/main/AndroidManifest.xml:7:17-55
14    <uses-feature android:name="android.hardware.camera.autofocus" />
14-->src/main/AndroidManifest.xml:8:3-68
14-->src/main/AndroidManifest.xml:8:17-65
15
16    <application
16-->src/main/AndroidManifest.xml:12:3-33:17
17        android:allowBackup="true"
17-->src/main/AndroidManifest.xml:13:7-33
18        android:appComponentFactory="androidx.core.app.CoreComponentFactory"
18-->[androidx.core:core:1.1.0] AndroidManifest.xml:24:18-86
19        android:debuggable="true"
20        android:icon="@mipmap/ic_launcher"
20-->src/main/AndroidManifest.xml:14:7-41
21        android:label="@string/tfe_pn_app_name"
21-->src/main/AndroidManifest.xml:15:7-46
22        android:roundIcon="@mipmap/ic_launcher_round"
22-->src/main/AndroidManifest.xml:16:7-52
23        android:supportsRtl="true"
23-->src/main/AndroidManifest.xml:17:7-33
24        android:testOnly="true"
25        android:theme="@style/AppTheme.Posenet" >
25-->src/main/AndroidManifest.xml:18:7-46
26        <activity
26-->src/main/AndroidManifest.xml:20:5-24:16
27            android:name="org.tensorflow.lite.examples.posenet.TestActivity"
27-->src/main/AndroidManifest.xml:21:9-37
28            android:exported="true"
28-->src/main/AndroidManifest.xml:23:9-32
29            android:label="@string/tfe_pn_app_name" >
29-->src/main/AndroidManifest.xml:22:9-48
30        </activity>
31        <activity
31-->src/main/AndroidManifest.xml:26:5-31:16
32            android:name="org.tensorflow.lite.examples.posenet.CameraActivity"
32-->src/main/AndroidManifest.xml:26:15-45
33            android:exported="true"
33-->src/main/AndroidManifest.xml:26:46-69
34            android:screenOrientation="landscape" >
34-->src/main/AndroidManifest.xml:26:70-107
35            <intent-filter>
35-->src/main/AndroidManifest.xml:27:7-30:23
36                <action android:name="android.intent.action.MAIN" />
36-->src/main/AndroidManifest.xml:28:9-60
36-->src/main/AndroidManifest.xml:28:17-58
37
38                <category android:name="android.intent.category.LAUNCHER" />
38-->src/main/AndroidManifest.xml:29:9-68
38-->src/main/AndroidManifest.xml:29:19-66
39            </intent-filter>
40        </activity>
41    </application>
42
43</manifest>